-------------------------------------------------------------------------------------------------------------
                                                NEW LOG                                                      
-------------------------------------------------------------------------------------------------------------
[1] [Wed Sep 14 20:24:43 2022] [INFO]:    ["Main:          Program has started."]
-------------------------------------------------------------------------------------------------------------
                                                NEW LOG                                                      
-------------------------------------------------------------------------------------------------------------
[1] [Wed Sep 14 20:48:44 2022] [INFO]:    ["Main:          Program has started."]
-------------------------------------------------------------------------------------------------------------
                                                NEW LOG                                                      
-------------------------------------------------------------------------------------------------------------
[1] [Wed Sep 14 20:49:36 2022] [INFO]:    ["Main:          Program has started."]
-------------------------------------------------------------------------------------------------------------
                                                NEW LOG                                                      
-------------------------------------------------------------------------------------------------------------
[1] [Wed Sep 14 20:50:04 2022] [INFO]:    ["Main:          Program has started."]
-------------------------------------------------------------------------------------------------------------
                                                NEW LOG                                                      
-------------------------------------------------------------------------------------------------------------
[1] [Wed Sep 14 20:51:12 2022] [INFO]:    ["Main:          Program has started."]
-------------------------------------------------------------------------------------------------------------
                                                NEW LOG                                                      
-------------------------------------------------------------------------------------------------------------
[1] [Wed Sep 14 20:51:51 2022] [INFO]:    ["Main:          Program has started."]
-------------------------------------------------------------------------------------------------------------
                                                NEW LOG                                                      
-------------------------------------------------------------------------------------------------------------
[1] [Wed Sep 14 20:51:55 2022] [INFO]:    ["Main:          Program has started."]
-------------------------------------------------------------------------------------------------------------
                                                NEW LOG                                                      
-------------------------------------------------------------------------------------------------------------
[1] [Wed Sep 14 20:52:05 2022] [INFO]:    ["Main:          Program has started."]
-------------------------------------------------------------------------------------------------------------
                                                NEW LOG                                                      
-------------------------------------------------------------------------------------------------------------
[1] [Wed Sep 14 20:52:43 2022] [INFO]:    ["Main:          Program has started."]
-------------------------------------------------------------------------------------------------------------
                                                NEW LOG                                                      
-------------------------------------------------------------------------------------------------------------
[1] [Wed Sep 14 20:54:19 2022] [INFO]:    ["Main:          Program has started."]
-------------------------------------------------------------------------------------------------------------
                                                NEW LOG                                                      
-------------------------------------------------------------------------------------------------------------
[1] [Wed Sep 14 20:54:25 2022] [INFO]:    ["Main:          Program has started."]
-------------------------------------------------------------------------------------------------------------
                                                NEW LOG                                                      
-------------------------------------------------------------------------------------------------------------
[1] [Wed Sep 14 20:54:34 2022] [INFO]:    ["Main:          Program has started."]
-------------------------------------------------------------------------------------------------------------
                                                NEW LOG                                                      
-------------------------------------------------------------------------------------------------------------
[1] [Wed Sep 14 20:58:12 2022] [INFO]:    ["Main:          Program has started."]
-------------------------------------------------------------------------------------------------------------
                                                NEW LOG                                                      
-------------------------------------------------------------------------------------------------------------
[1] [Wed Sep 14 20:58:18 2022] [INFO]:    ["Main:          Program has started."]
-------------------------------------------------------------------------------------------------------------
                                                NEW LOG                                                      
-------------------------------------------------------------------------------------------------------------
[1] [Wed Sep 14 20:59:12 2022] [INFO]:    ["Main:          Program has started."]
-------------------------------------------------------------------------------------------------------------
                                                NEW LOG                                                      
-------------------------------------------------------------------------------------------------------------
[1] [Wed Sep 14 20:59:16 2022] [INFO]:    ["Main:          Program has started."]
-------------------------------------------------------------------------------------------------------------
                                                NEW LOG                                                      
-------------------------------------------------------------------------------------------------------------
[1] [Wed Sep 14 22:40:05 2022] [INFO]:    ["Main:          Program has started."]
-------------------------------------------------------------------------------------------------------------
                                                NEW LOG                                                      
-------------------------------------------------------------------------------------------------------------
[1] [Wed Sep 14 22:40:10 2022] [INFO]:    ["Main:          Program has started."]
-------------------------------------------------------------------------------------------------------------
                                                NEW LOG                                                      
-------------------------------------------------------------------------------------------------------------
[1] [Wed Sep 14 22:42:53 2022] [INFO]:    ["Main:          Program has started."]
-------------------------------------------------------------------------------------------------------------
                                                NEW LOG                                                      
-------------------------------------------------------------------------------------------------------------
[1] [Wed Sep 14 22:44:34 2022] [INFO]:    ["Main:          Program has started."]
-------------------------------------------------------------------------------------------------------------
                                                NEW LOG                                                      
-------------------------------------------------------------------------------------------------------------
[1] [Wed Sep 14 23:19:41 2022] [INFO]:    ["Main:          Program has started."]
-------------------------------------------------------------------------------------------------------------
                                                NEW LOG                                                      
-------------------------------------------------------------------------------------------------------------
[1] [Wed Sep 14 23:20:57 2022] [INFO]:    ["Main:          Program has started."]
-------------------------------------------------------------------------------------------------------------
                                                NEW LOG                                                      
-------------------------------------------------------------------------------------------------------------
[1] [Wed Sep 14 23:21:02 2022] [INFO]:    ["Main:          Program has started."]
-------------------------------------------------------------------------------------------------------------
                                                NEW LOG                                                      
-------------------------------------------------------------------------------------------------------------
[1] [Wed Sep 14 23:23:03 2022] [INFO]:    ["Main:          Program has started."]
-------------------------------------------------------------------------------------------------------------
                                                NEW LOG                                                      
-------------------------------------------------------------------------------------------------------------
[1] [Wed Sep 14 23:23:10 2022] [INFO]:    ["Main:          Program has started."]
-------------------------------------------------------------------------------------------------------------
                                                NEW LOG                                                      
-------------------------------------------------------------------------------------------------------------
[1] [Wed Sep 14 23:23:38 2022] [INFO]:    ["Main:          Program has started."]
-------------------------------------------------------------------------------------------------------------
                                                NEW LOG                                                      
-------------------------------------------------------------------------------------------------------------
[1] [Wed Sep 14 23:23:41 2022] [INFO]:    ["Main:          Program has started."]
-------------------------------------------------------------------------------------------------------------
                                                NEW LOG                                                      
-------------------------------------------------------------------------------------------------------------
[1] [Wed Sep 14 23:24:20 2022] [INFO]:    ["Main:          Program has started."]
-------------------------------------------------------------------------------------------------------------
                                                NEW LOG                                                      
-------------------------------------------------------------------------------------------------------------
[1] [Wed Sep 14 23:25:00 2022] [INFO]:    ["Main:          Program has started."]
-------------------------------------------------------------------------------------------------------------
                                                NEW LOG                                                      
-------------------------------------------------------------------------------------------------------------
[1] [Wed Sep 14 23:28:30 2022] [INFO]:    ["Main:          Program has started."]
-------------------------------------------------------------------------------------------------------------
                                                NEW LOG                                                      
-------------------------------------------------------------------------------------------------------------
[1] [Wed Sep 14 23:28:57 2022] [INFO]:    ["Main:          Program has started."]
-------------------------------------------------------------------------------------------------------------
                                                NEW LOG                                                      
-------------------------------------------------------------------------------------------------------------
[1] [Wed Sep 14 23:29:13 2022] [INFO]:    ["Main:          Program has started."]
-------------------------------------------------------------------------------------------------------------
                                                NEW LOG                                                      
-------------------------------------------------------------------------------------------------------------
[1] [Wed Sep 14 23:29:39 2022] [INFO]:    ["Main:          Program has started."]
-------------------------------------------------------------------------------------------------------------
                                                NEW LOG                                                      
-------------------------------------------------------------------------------------------------------------
[1] [Wed Sep 14 23:31:01 2022] [INFO]:    ["Main:          Program has started."]
-------------------------------------------------------------------------------------------------------------
                                                NEW LOG                                                      
-------------------------------------------------------------------------------------------------------------
[1] [Wed Sep 14 23:33:12 2022] [INFO]:    ["Main:          Program has started."]
-------------------------------------------------------------------------------------------------------------
                                                NEW LOG                                                      
-------------------------------------------------------------------------------------------------------------
[1] [Wed Sep 14 23:33:36 2022] [INFO]:    ["Main:          Program has started."]
-------------------------------------------------------------------------------------------------------------
                                                NEW LOG                                                      
-------------------------------------------------------------------------------------------------------------
[1] [Wed Sep 14 23:34:12 2022] [INFO]:    ["Main:          Program has started."]
-------------------------------------------------------------------------------------------------------------
                                                NEW LOG                                                      
-------------------------------------------------------------------------------------------------------------
[1] [Wed Sep 14 23:36:03 2022] [INFO]:    ["Main:          Program has started."]
-------------------------------------------------------------------------------------------------------------
                                                NEW LOG                                                      
-------------------------------------------------------------------------------------------------------------
[1] [Wed Sep 14 23:36:35 2022] [INFO]:    ["Main:          Program has started."]
-------------------------------------------------------------------------------------------------------------
                                                NEW LOG                                                      
-------------------------------------------------------------------------------------------------------------
[1] [Wed Sep 14 23:37:42 2022] [INFO]:    ["Main:          Program has started."]
-------------------------------------------------------------------------------------------------------------
                                                NEW LOG                                                      
-------------------------------------------------------------------------------------------------------------
[1] [Wed Sep 14 23:40:02 2022] [INFO]:    ["Main:          Program has started."]
-------------------------------------------------------------------------------------------------------------
                                                NEW LOG                                                      
-------------------------------------------------------------------------------------------------------------
[1] [Wed Sep 14 23:41:11 2022] [INFO]:    ["Main:          Program has started."]
-------------------------------------------------------------------------------------------------------------
                                                NEW LOG                                                      
-------------------------------------------------------------------------------------------------------------
[1] [Wed Sep 14 23:43:57 2022] [INFO]:    ["Main:          Program has started."]
-------------------------------------------------------------------------------------------------------------
                                                NEW LOG                                                      
-------------------------------------------------------------------------------------------------------------
[1] [Wed Sep 14 23:45:34 2022] [INFO]:    ["Main:          Program has started."]
-------------------------------------------------------------------------------------------------------------
                                                NEW LOG                                                      
-------------------------------------------------------------------------------------------------------------
[1] [Wed Sep 14 23:48:45 2022] [INFO]:    ["Main:          Program has started."]
-------------------------------------------------------------------------------------------------------------
                                                NEW LOG                                                      
-------------------------------------------------------------------------------------------------------------
[1] [Wed Sep 14 23:57:01 2022] [INFO]:    ["Main:          Program has started."]
-------------------------------------------------------------------------------------------------------------
                                                NEW LOG                                                      
-------------------------------------------------------------------------------------------------------------
[1] [Wed Sep 14 23:57:34 2022] [INFO]:    ["Main:          Program has started."]
-------------------------------------------------------------------------------------------------------------
                                                NEW LOG                                                      
-------------------------------------------------------------------------------------------------------------
[1] [Thu Sep 15 00:16:09 2022] [INFO]:    ["Main:          Program has started."]
[2] [Thu Sep 15 00:16:09 2022] [INFO]:    ["Main:          YOLOv5n model is selected as object detector."]
[3] [Thu Sep 15 00:16:09 2022] [INFO]:    ["Main:          Start to track the vehicles"]
-------------------------------------------------------------------------------------------------------------
                                                NEW LOG                                                      
-------------------------------------------------------------------------------------------------------------
[1] [Thu Sep 15 00:19:23 2022] [INFO]:    ["Main:          Program has started."]
[2] [Thu Sep 15 00:19:23 2022] [INFO]:    ["Main:          YOLOv5n model is selected as object detector."]
[3] [Thu Sep 15 00:19:23 2022] [INFO]:    ["Main:          Start tracking the vehicles:"]
[4] [Thu Sep 15 00:19:23 2022] [TRACE]:   ["Main:          Tracked vehicle number:7"]
-------------------------------------------------------------------------------------------------------------
                                                NEW LOG                                                      
-------------------------------------------------------------------------------------------------------------
[1] [Thu Sep 15 00:25:47 2022] [INFO]:    ["Main:          Program has started."]
[2] [Thu Sep 15 00:25:47 2022] [INFO]:    ["Main:          YOLOv5n model is selected as object detector."]
[3] [Thu Sep 15 00:25:47 2022] [INFO]:    ["Main:          Tracking the vehicles:"]
[4] [Thu Sep 15 00:25:47 2022] [TRACE]:   ["Main:          Tracked number of vehicle: 7"]
[5] [Thu Sep 15 00:25:47 2022] [INFO]:    ["Main:          Estimating the traffic:"]
[6] [Thu Sep 15 00:25:47 2022] [TRACE]:   ["Main:          Estimated Traffic is: Low
"]
-------------------------------------------------------------------------------------------------------------
                                                NEW LOG                                                      
-------------------------------------------------------------------------------------------------------------
[1] [Thu Sep 15 00:30:07 2022] [INFO]:    ["Main:          Program has started."]
[2] [Thu Sep 15 00:30:07 2022] [INFO]:    ["Main:          YOLOv5n model is selected as object detector."]
[3] [Thu Sep 15 00:30:08 2022] [INFO]:    ["Main:          Tracking the vehicles:"]
[4] [Thu Sep 15 00:30:08 2022] [TRACE]:   ["Main:          Tracked number of vehicle: 7"]
[5] [Thu Sep 15 00:30:08 2022] [INFO]:    ["Main:          Estimating the traffic:"]
[6] [Thu Sep 15 00:30:08 2022] [TRACE]:   ["Main:          Estimated Traffic is: Low"]
-------------------------------------------------------------------------------------------------------------
                                                NEW LOG                                                      
-------------------------------------------------------------------------------------------------------------
[1] [Thu Sep 15 00:30:25 2022] [INFO]:    ["Main:          Program has started."]
[2] [Thu Sep 15 00:30:25 2022] [INFO]:    ["Main:          MobilNet_SSDv2 model is selected as object detector."]
[3] [Thu Sep 15 00:30:26 2022] [INFO]:    ["Main:          Tracking the vehicles:"]
[4] [Thu Sep 15 00:30:26 2022] [TRACE]:   ["Main:          Tracked number of vehicle: 9"]
[5] [Thu Sep 15 00:30:26 2022] [INFO]:    ["Main:          Estimating the traffic:"]
[6] [Thu Sep 15 00:30:26 2022] [TRACE]:   ["Main:          Estimated Traffic is: Low"]
-------------------------------------------------------------------------------------------------------------
                                                NEW LOG                                                      
-------------------------------------------------------------------------------------------------------------
[1] [Thu Sep 15 09:01:05 2022] [INFO]:    ["Main:          Program has started."]
-------------------------------------------------------------------------------------------------------------
                                                NEW LOG                                                      
-------------------------------------------------------------------------------------------------------------
[1] [Thu Sep 15 09:01:43 2022] [INFO]:    ["Main:          Program has started."]
[2] [Thu Sep 15 09:01:43 2022] [INFO]:    ["Main:          YOLOv5n model is selected as object detector."]
-------------------------------------------------------------------------------------------------------------
                                                NEW LOG                                                      
-------------------------------------------------------------------------------------------------------------
[1] [Thu Sep 15 09:02:44 2022] [INFO]:    ["Main:          Program has started."]
[2] [Thu Sep 15 09:02:44 2022] [INFO]:    ["Main:          YOLOv5n model is selected as object detector."]
[3] [Thu Sep 15 09:02:44 2022] [INFO]:    ["Main:          Tracking the vehicles:"]
[4] [Thu Sep 15 09:02:44 2022] [TRACE]:   ["Main:          Tracked number of vehicle: 7"]
[5] [Thu Sep 15 09:02:44 2022] [INFO]:    ["Main:          Estimating the traffic:"]
[6] [Thu Sep 15 09:02:44 2022] [TRACE]:   ["Main:          Estimated Traffic is: Low"]
-------------------------------------------------------------------------------------------------------------
                                                NEW LOG                                                      
-------------------------------------------------------------------------------------------------------------
[1] [Thu Sep 15 09:05:54 2022] [INFO]:    ["Main:          Program has started."]
[2] [Thu Sep 15 09:05:54 2022] [INFO]:    ["Main:          YOLOv5n model is selected as object detector."]
[3] [Thu Sep 15 09:05:54 2022] [INFO]:    ["Main:          Tracking the vehicles:"]
[4] [Thu Sep 15 09:05:54 2022] [TRACE]:   ["Main:          Tracked number of vehicle: 7"]
[5] [Thu Sep 15 09:05:54 2022] [INFO]:    ["Main:          Estimating the traffic:"]
[6] [Thu Sep 15 09:05:54 2022] [TRACE]:   ["Main:          Estimated Traffic is: Low"]
-------------------------------------------------------------------------------------------------------------
                                                NEW LOG                                                      
-------------------------------------------------------------------------------------------------------------
[1] [Thu Sep 15 09:16:13 2022] [INFO]:    ["Main:          Program has started."]
[2] [Thu Sep 15 09:16:13 2022] [INFO]:    ["Main:          YOLOv5n model is selected as object detector."]
[3] [Thu Sep 15 09:16:13 2022] [INFO]:    ["Main:          Tracking the vehicles:"]
[4] [Thu Sep 15 09:16:13 2022] [TRACE]:   ["Main:          Tracked number of vehicle: 7"]
[5] [Thu Sep 15 09:16:13 2022] [INFO]:    ["Main:          Estimating the traffic:"]
[6] [Thu Sep 15 09:16:13 2022] [TRACE]:   ["Main:          Estimated Traffic is: Low"]
-------------------------------------------------------------------------------------------------------------
                                                NEW LOG                                                      
-------------------------------------------------------------------------------------------------------------
[1] [Thu Sep 15 09:16:50 2022] [INFO]:    ["Main:          Program has started."]
[2] [Thu Sep 15 09:16:50 2022] [INFO]:    ["Main:          YOLOv5n model is selected as object detector."]
[3] [Thu Sep 15 09:16:50 2022] [INFO]:    ["Main:          Tracking the vehicles:"]
[4] [Thu Sep 15 09:16:50 2022] [TRACE]:   ["Main:          Tracked number of vehicle: 6"]
[5] [Thu Sep 15 09:16:50 2022] [INFO]:    ["Main:          Estimating the traffic:"]
[6] [Thu Sep 15 09:16:50 2022] [TRACE]:   ["Main:          Estimated Traffic is: Low"]
-------------------------------------------------------------------------------------------------------------
                                                NEW LOG                                                      
-------------------------------------------------------------------------------------------------------------
[1] [Thu Sep 15 09:17:40 2022] [INFO]:    ["Main:          Program has started."]
[2] [Thu Sep 15 09:17:40 2022] [INFO]:    ["Main:          YOLOv5n model is selected as object detector."]
[3] [Thu Sep 15 09:17:41 2022] [INFO]:    ["Main:          Tracking the vehicles:"]
[4] [Thu Sep 15 09:17:41 2022] [TRACE]:   ["Main:          Tracked number of vehicle: 6"]
[5] [Thu Sep 15 09:17:41 2022] [INFO]:    ["Main:          Estimating the traffic:"]
[6] [Thu Sep 15 09:17:41 2022] [TRACE]:   ["Main:          Estimated Traffic is: Low"]
-------------------------------------------------------------------------------------------------------------
                                                NEW LOG                                                      
-------------------------------------------------------------------------------------------------------------
[1] [Thu Sep 15 09:48:18 2022] [INFO]:    ["Main:          Program has started."]
[2] [Thu Sep 15 09:48:18 2022] [INFO]:    ["Main:          YOLOv5n model is selected as object detector."]
[3] [Thu Sep 15 09:48:18 2022] [INFO]:    ["Main:          Tracking the vehicles:"]
[4] [Thu Sep 15 09:48:18 2022] [TRACE]:   ["Main:          Tracked number of vehicle: 7"]
[5] [Thu Sep 15 09:48:18 2022] [INFO]:    ["Main:          Estimating the traffic:"]
[6] [Thu Sep 15 09:48:18 2022] [TRACE]:   ["Main:          Estimated Traffic is: Low"]
-------------------------------------------------------------------------------------------------------------
                                                NEW LOG                                                      
-------------------------------------------------------------------------------------------------------------
[1] [Thu Sep 15 09:50:06 2022] [INFO]:    ["Main:          Program has started."]
[2] [Thu Sep 15 09:50:06 2022] [INFO]:    ["Main:          YOLOv5n model is selected as object detector."]
-------------------------------------------------------------------------------------------------------------
                                                NEW LOG                                                      
-------------------------------------------------------------------------------------------------------------
[1] [Thu Sep 15 09:50:14 2022] [INFO]:    ["Main:          Program has started."]
[2] [Thu Sep 15 09:50:14 2022] [INFO]:    ["Main:          YOLOv5n model is selected as object detector."]
[3] [Thu Sep 15 09:50:15 2022] [INFO]:    ["Main:          Tracking the vehicles:"]
[4] [Thu Sep 15 09:50:15 2022] [TRACE]:   ["Main:          Tracked number of vehicle: 9"]
[5] [Thu Sep 15 09:50:15 2022] [INFO]:    ["Main:          Estimating the traffic:"]
[6] [Thu Sep 15 09:50:15 2022] [TRACE]:   ["Main:          Estimated Traffic is: Low"]
-------------------------------------------------------------------------------------------------------------
                                                NEW LOG                                                      
-------------------------------------------------------------------------------------------------------------
[1] [Thu Sep 15 10:02:57 2022] [INFO]:    ["Main:          Program has started."]
[2] [Thu Sep 15 10:02:57 2022] [INFO]:    ["Main:          YOLOv5n model is selected as object detector."]
[3] [Thu Sep 15 10:02:57 2022] [TRACE]:   ["YoloDetector:          Yolo model is loaded from: ../models/yolo/yolov5n.onnx"]
[4] [Thu Sep 15 10:02:57 2022] [TRACE]:   ["YoloDetector:          Yolo classes is loaded from: ../models/yolo/classes.txt"]
[5] [Thu Sep 15 10:02:57 2022] [TRACE]:   ["YoloDetector:          Image is loaded from: ../media/dataset/road_1/low/img1.jpg"]
[6] [Thu Sep 15 10:02:57 2022] [TRACE]:   ["YoloDetector:          Forwarding pass in done for image: ../media/dataset/road_1/low/img1.jpg"]
[7] [Thu Sep 15 10:02:57 2022] [TRACE]:   ["YoloDetector:          Post processing done for image: ../media/dataset/road_1/low/img1.jpg"]
[8] [Thu Sep 15 10:02:57 2022] [TRACE]:   ["YoloDetector:          Image is loaded from: ../media/dataset/road_1/low/img2.jpg"]
[9] [Thu Sep 15 10:02:57 2022] [TRACE]:   ["YoloDetector:          Forwarding pass in done for image: ../media/dataset/road_1/low/img2.jpg"]
[10] [Thu Sep 15 10:02:57 2022] [TRACE]:   ["YoloDetector:          Post processing done for image: ../media/dataset/road_1/low/img2.jpg"]
[11] [Thu Sep 15 10:02:57 2022] [INFO]:    ["Main:          Tracking the vehicles:"]
[12] [Thu Sep 15 10:02:57 2022] [TRACE]:   ["Main:          Tracked number of vehicle: 7"]
[13] [Thu Sep 15 10:02:57 2022] [INFO]:    ["Main:          Estimating the traffic:"]
[14] [Thu Sep 15 10:02:57 2022] [TRACE]:   ["Main:          Estimated Traffic is: Low"]
-------------------------------------------------------------------------------------------------------------
                                                NEW LOG                                                      
-------------------------------------------------------------------------------------------------------------
[1] [Thu Sep 15 10:04:13 2022] [INFO]:    ["Main:          Program has started."]
[2] [Thu Sep 15 10:04:13 2022] [INFO]:    ["Main:          YOLOv5n model is selected as object detector."]
[3] [Thu Sep 15 10:04:13 2022] [TRACE]:   ["YoloDetector: Yolo model is loaded from: ../models/yolo/yolov5n.onnx"]
[4] [Thu Sep 15 10:04:13 2022] [TRACE]:   ["YoloDetector: Yolo classes is loaded from: ../models/yolo/classes.txt"]
[5] [Thu Sep 15 10:04:14 2022] [TRACE]:   ["YoloDetector: Forwarding pass in done for image: ../media/dataset/road_1/low/img1.jpg"]
[6] [Thu Sep 15 10:04:14 2022] [TRACE]:   ["YoloDetector: Post processing done for image: ../media/dataset/road_1/low/img1.jpg"]
[7] [Thu Sep 15 10:04:14 2022] [TRACE]:   ["YoloDetector: Forwarding pass in done for image: ../media/dataset/road_1/low/img2.jpg"]
[8] [Thu Sep 15 10:04:14 2022] [TRACE]:   ["YoloDetector: Post processing done for image: ../media/dataset/road_1/low/img2.jpg"]
[9] [Thu Sep 15 10:04:14 2022] [INFO]:    ["Main:          Tracking the vehicles:"]
[10] [Thu Sep 15 10:04:14 2022] [TRACE]:   ["Main:          Tracked number of vehicle: 7"]
[11] [Thu Sep 15 10:04:14 2022] [INFO]:    ["Main:          Estimating the traffic:"]
[12] [Thu Sep 15 10:04:14 2022] [TRACE]:   ["Main:          Estimated Traffic is: Low"]
-------------------------------------------------------------------------------------------------------------
                                                NEW LOG                                                      
-------------------------------------------------------------------------------------------------------------
[1] [Thu Sep 15 10:08:13 2022] [INFO]:    ["Main:          Program has started."]
[2] [Thu Sep 15 10:08:13 2022] [INFO]:    ["Main:          Detecting vehicles:"]
[3] [Thu Sep 15 10:08:13 2022] [INFO]:    ["Main:          YOLOv5n model is selected as object detector."]
[4] [Thu Sep 15 10:08:13 2022] [TRACE]:   ["YoloDetector: Yolo model is loaded from: ../models/yolo/yolov5n.onnx"]
[5] [Thu Sep 15 10:08:13 2022] [TRACE]:   ["YoloDetector: Yolo classes is loaded from: ../models/yolo/classes.txt"]
[6] [Thu Sep 15 10:08:13 2022] [TRACE]:   ["YoloDetector: Forwarding pass in done for image: ../media/dataset/road_1/low/img1.jpg"]
[7] [Thu Sep 15 10:08:13 2022] [TRACE]:   ["YoloDetector: Post processing done for image: ../media/dataset/road_1/low/img1.jpg"]
[8] [Thu Sep 15 10:08:13 2022] [TRACE]:   ["YoloDetector: Forwarding pass in done for image: ../media/dataset/road_1/low/img2.jpg"]
[9] [Thu Sep 15 10:08:13 2022] [TRACE]:   ["YoloDetector: Post processing done for image: ../media/dataset/road_1/low/img2.jpg"]
[10] [Thu Sep 15 10:08:13 2022] [INFO]:    ["Main: Tracking vehicles:"]
[11] [Thu Sep 15 10:08:13 2022] [INFO]:    ["Main: Estimating traffic:"]
[12] [Thu Sep 15 10:08:13 2022] [TRACE]:   ["Main: Estimated Traffic is: Low"]
[13] [Thu Sep 15 10:08:13 2022] [TRACE]:   ["Main: Result is saved: 'result/result.txt'"]
-------------------------------------------------------------------------------------------------------------
                                                NEW LOG                                                      
-------------------------------------------------------------------------------------------------------------
[1] [Thu Sep 15 10:09:10 2022] [INFO]:    ["Main:          Program has started."]
[2] [Thu Sep 15 10:09:10 2022] [INFO]:    ["Main:          Detecting vehicles:"]
[3] [Thu Sep 15 10:09:10 2022] [INFO]:    ["Main:          YOLOv5n model is selected as object detector."]
[4] [Thu Sep 15 10:09:10 2022] [TRACE]:   ["YoloDetector: Yolo model is loaded from: ../models/yolo/yolov5n.onnx"]
[5] [Thu Sep 15 10:09:10 2022] [TRACE]:   ["YoloDetector: Yolo classes is loaded from: ../models/yolo/classes.txt"]
[6] [Thu Sep 15 10:09:10 2022] [TRACE]:   ["YoloDetector: Forwarding pass in done for image: ../media/dataset/road_1/low/img1.jpg"]
[7] [Thu Sep 15 10:09:10 2022] [TRACE]:   ["YoloDetector: Post processing done for image: ../media/dataset/road_1/low/img1.jpg"]
[8] [Thu Sep 15 10:09:10 2022] [TRACE]:   ["YoloDetector: Forwarding pass in done for image: ../media/dataset/road_1/low/img2.jpg"]
[9] [Thu Sep 15 10:09:10 2022] [TRACE]:   ["YoloDetector: Post processing done for image: ../media/dataset/road_1/low/img2.jpg"]
[10] [Thu Sep 15 10:09:10 2022] [INFO]:    ["Main: Tracking vehicles:"]
[11] [Thu Sep 15 10:09:10 2022] [INFO]:    ["Main: Estimating traffic:"]
[12] [Thu Sep 15 10:09:10 2022] [TRACE]:   ["Main: Estimated Traffic is: Low"]
[13] [Thu Sep 15 10:09:10 2022] [TRACE]:   ["Main: Result is saved: 'result/result.txt'"]
